\BOOKMARK [0][-]{chapter*.1}{ACKNOWLEDGEMENTS}{}
\BOOKMARK [0][-]{chapter*.2}{ABSTRACT}{}
\BOOKMARK [0][-]{chapter*.4}{LIST OF TABLES}{}
\BOOKMARK [0][-]{chapter*.5}{LIST OF FIGURES}{}
\BOOKMARK [0][-]{chapter.1}{Introduction}{}
\BOOKMARK [1][-]{section.1.1}{Background}{chapter.1}
\BOOKMARK [2][-]{subsection.1.1.1}{The stress-strain curve}{section.1.1}
\BOOKMARK [2][-]{subsection.1.1.2}{Non-Destructive Testing}{section.1.1}
\BOOKMARK [2][-]{subsection.1.1.3}{Wave Propagation and Mixing}{section.1.1}
\BOOKMARK [2][-]{subsection.1.1.4}{Statistical Inversion and Learning}{section.1.1}
\BOOKMARK [1][-]{section.1.2}{Outline of the Report}{chapter.1}
\BOOKMARK [1][-]{section.1.3}{Applications of present work}{chapter.1}
\BOOKMARK [0][-]{chapter.2}{Literature Review}{}
\BOOKMARK [1][-]{section.2.1}{Introduction}{chapter.2}
\BOOKMARK [0][-]{chapter.3}{Description Of Simulations}{}
\BOOKMARK [1][-]{section.3.1}{2D FDTD Simulation in Cartesian Coordinates}{chapter.3}
\BOOKMARK [1][-]{section.3.2}{Governing Equations}{chapter.3}
\BOOKMARK [2][-]{subsection.3.2.1}{Discretization of the wave-equation}{section.3.2}
\BOOKMARK [2][-]{subsection.3.2.2}{Numerical Considerations}{section.3.2}
\BOOKMARK [0][-]{chapter.4}{Sensitivity Analysis}{}
\BOOKMARK [0][-]{chapter.5}{Inverse Model}{}
\BOOKMARK [0][-]{chapter.6}{Summary and Future Work}{}
\BOOKMARK [0][-]{appendix.A}{Appendix}{}
\BOOKMARK [1][-]{section.A.1}{Solver Code}{appendix.A}
\BOOKMARK [1][-]{section.A.2}{Problem Formulation code Code}{appendix.A}
