This is pdfTeX, Version 3.1415926-1.40.10 (TeX Live 2009/Debian) (format=pdflatex 2014.8.26)  23 JUN 2015 18:49
entering extended mode
 %&-line parsing enabled.
**thesis.tex
(./thesis.tex
LaTeX2e <2009/09/24>
Babel <v3.8l> and hyphenation patterns for english, usenglishmax, dumylang, noh
yphenation, romanian, irish, coptic, serbian, turkish, welsh, esperanto, uppers
orbian, estonian, indonesian, interlingua, icelandic, kurmanji, slovenian, uken
glish, loaded.
(./iitmdiss.cls
Document Class: iitmdiss 2005/03/09 Class for IIT-Madras Dissertations
(/usr/share/texmf-texlive/tex/latex/base/report.cls
Document Class: report 2007/10/19 v1.4h Standard LaTeX document class
(/usr/share/texmf-texlive/tex/latex/base/size11.clo
File: size11.clo 2007/10/19 v1.4h Standard LaTeX file (size option)
)
\c@part=\count79
\c@chapter=\count80
\c@section=\count81
\c@subsection=\count82
\c@subsubsection=\count83
\c@paragraph=\count84
\c@subparagraph=\count85
\c@figure=\count86
\c@table=\count87
\abovecaptionskip=\skip41
\belowcaptionskip=\skip42
\bibindent=\dimen102
)
(/usr/share/texmf-texlive/tex/latex/geometry/geometry.sty
Package: geometry 2008/12/21 v4.2 Page Geometry

(/usr/share/texmf-texlive/tex/latex/graphics/keyval.sty
Package: keyval 1999/03/16 v1.13 key=value parser (DPC)
\KV@toks@=\toks14
)
(/usr/share/texmf-texlive/tex/generic/oberdiek/ifpdf.sty
Package: ifpdf 2009/04/10 v2.0 Provides the ifpdf switch (HO)
Package ifpdf Info: pdfTeX in pdf mode detected.
)
(/usr/share/texmf-texlive/tex/generic/oberdiek/ifvtex.sty
Package: ifvtex 2008/11/04 v1.4 Switches for detecting VTeX and its modes (HO)
Package ifvtex Info: VTeX not detected.
)
\Gm@cnth=\count88
\Gm@cntv=\count89
\c@Gm@tempcnt=\count90
\Gm@bindingoffset=\dimen103
\Gm@wd@mp=\dimen104
\Gm@odd@mp=\dimen105
\Gm@even@mp=\dimen106
\Gm@dimlist=\toks15

(/usr/share/texmf-texlive/tex/xelatex/xetexconfig/geometry.cfg)

Package geometry Warning: Over-specification in `h'-direction.
    `width' (438.74144pt) is ignored.


Package geometry Warning: Over-specification in `v'-direction.
    `height' (654.41338pt) is ignored.

) (/usr/share/texmf-texlive/tex/latex/setspace/setspace.sty
Package: setspace 2000/12/01 6.7 Contributed and Supported LaTeX2e package

Package: `setspace' 6.7 <2000/12/01>
) (./atbeginend.sty) (/usr/share/texmf-texlive/tex/latex/caption/caption.sty
Package: caption 2009/10/09 v3.1k Customizing captions (AR)

(/usr/share/texmf-texlive/tex/latex/caption/caption3.sty
Package: caption3 2009/10/09 v3.1k caption3 kernel (AR)
\captionmargin=\dimen107
\captionmargin@=\dimen108
\captionwidth=\dimen109
\caption@indent=\dimen110
\caption@parindent=\dimen111
\caption@hangindent=\dimen112
)
\c@ContinuedFloat=\count91
)
(/usr/share/texmf-texlive/tex/latex/natbib/natbib.sty
Package: natbib 2009/07/16 8.31 (PWD, AO)
\bibhang=\skip43
\bibsep=\skip44
LaTeX Info: Redefining \cite on input line 694.
\c@NAT@ctr=\count92
)
(/usr/share/texmf-texlive/tex/latex/graphics/graphicx.sty
Package: graphicx 1999/02/16 v1.0f Enhanced LaTeX Graphics (DPC,SPQR)

(/usr/share/texmf-texlive/tex/latex/graphics/graphics.sty
Package: graphics 2009/02/05 v1.0o Standard LaTeX Graphics (DPC,SPQR)

(/usr/share/texmf-texlive/tex/latex/graphics/trig.sty
Package: trig 1999/03/16 v1.09 sin cos tan (DPC)
)
(/etc/texmf/tex/latex/config/graphics.cfg
File: graphics.cfg 2009/08/28 v1.8 graphics configuration of TeX Live
)
Package graphics Info: Driver file: pdftex.def on input line 91.

(/usr/share/texmf-texlive/tex/latex/pdftex-def/pdftex.def
File: pdftex.def 2010/03/12 v0.04p Graphics/color for pdfTeX
\Gread@gobject=\count93
))
\Gin@req@height=\dimen113
\Gin@req@width=\dimen114
))
(/usr/share/texmf-texlive/tex/latex/psnfss/times.sty
Package: times 2005/04/12 PSNFSS-v9.2a (SPQR) 
)
(/usr/share/texmf-texlive/tex/latex/amsmath/amsmath.sty
Package: amsmath 2000/07/18 v2.13 AMS math features
\@mathmargin=\skip45

For additional information on amsmath, use the `?' option.
(/usr/share/texmf-texlive/tex/latex/amsmath/amstext.sty
Package: amstext 2000/06/29 v2.01

(/usr/share/texmf-texlive/tex/latex/amsmath/amsgen.sty
File: amsgen.sty 1999/11/30 v2.0
\@emptytoks=\toks16
\ex@=\dimen115
))
(/usr/share/texmf-texlive/tex/latex/amsmath/amsbsy.sty
Package: amsbsy 1999/11/29 v1.2d
\pmbraise@=\dimen116
)
(/usr/share/texmf-texlive/tex/latex/amsmath/amsopn.sty
Package: amsopn 1999/12/14 v2.01 operator names
)
\inf@bad=\count94
LaTeX Info: Redefining \frac on input line 211.
\uproot@=\count95
\leftroot@=\count96
LaTeX Info: Redefining \overline on input line 307.
\classnum@=\count97
\DOTSCASE@=\count98
LaTeX Info: Redefining \ldots on input line 379.
LaTeX Info: Redefining \dots on input line 382.
LaTeX Info: Redefining \cdots on input line 467.
\Mathstrutbox@=\box26
\strutbox@=\box27
\big@size=\dimen117
LaTeX Font Info:    Redeclaring font encoding OML on input line 567.
LaTeX Font Info:    Redeclaring font encoding OMS on input line 568.
\macc@depth=\count99
\c@MaxMatrixCols=\count100
\dotsspace@=\muskip10
\c@parentequation=\count101
\dspbrk@lvl=\count102
\tag@help=\toks17
\row@=\count103
\column@=\count104
\maxfields@=\count105
\andhelp@=\toks18
\eqnshift@=\dimen118
\alignsep@=\dimen119
\tagshift@=\dimen120
\tagwidth@=\dimen121
\totwidth@=\dimen122
\lineht@=\dimen123
\@envbody=\toks19
\multlinegap=\skip46
\multlinetaggap=\skip47
\mathdisplay@stack=\toks20
LaTeX Info: Redefining \[ on input line 2666.
LaTeX Info: Redefining \] on input line 2667.
)
(/usr/share/texmf-texlive/tex/latex/amscls/amsthm.sty
Package: amsthm 2004/08/06 v2.20
\thm@style=\toks21
\thm@bodyfont=\toks22
\thm@headfont=\toks23
\thm@notefont=\toks24
\thm@headpunct=\toks25
\thm@preskip=\skip48
\thm@postskip=\skip49
\thm@headsep=\skip50
\dth@everypar=\toks26
)
(/usr/share/texmf-texlive/tex/latex/amsfonts/amssymb.sty
Package: amssymb 2009/06/22 v3.00

(/usr/share/texmf-texlive/tex/latex/amsfonts/amsfonts.sty
Package: amsfonts 2009/06/22 v3.00 Basic AMSFonts support
\symAMSa=\mathgroup4
\symAMSb=\mathgroup5
LaTeX Font Info:    Overwriting math alphabet `\mathfrak' in version `bold'
(Font)                  U/euf/m/n --> U/euf/b/n on input line 96.
))
(/usr/share/texmf-texlive/tex/latex/tools/verbatim.sty
Package: verbatim 2003/08/22 v1.5q LaTeX2e package for verbatim enhancements
\every@verbatim=\toks27
\verbatim@line=\toks28
\verbatim@in@stream=\read1
)
(/usr/share/texmf-texlive/tex/latex/floatrow/floatrow.sty
Package: floatrow 2008/08/02 v0.3b floatrow: float package extension
\c@float@type=\count106
\float@exts=\toks29
\float@box=\box28
\@floatcapt=\box29
Package floatrow Info: Modified float package code loaded on input line 455.
Package floatrow Info: Modified rotfloat package code loaded on input line 473.

\FR@everyfloat=\toks30
\flrow@foot=\insert233
\FB@wd=\dimen124
\FBo@wd=\dimen125
\FBc@wd=\dimen126
\FBo@ht=\skip51
\FBc@ht=\skip52
\FBf@ht=\skip53
\FBo@max=\skip54
\FBc@max=\skip55
\FBf@max=\skip56
\c@FBl@b=\count107
\floatbox@depth=\count108
\c@FRobj=\count109
\c@FRsobj=\count110
\Xhsize=\skip57
\sXhsize=\skip58
\Zhsize=\skip59
\sZhsize=\skip60
\flrow@rowbox=\box30
\FR@Zunitlength=\dimen127
\c@FBcnt=\count111
\FPOScnt=\count112
\LTleft=\skip61
\LTright=\skip62
\LTleft=\skip63
\LTright=\skip64
\flrow@types=\toks31
)
(/usr/share/texmf-texlive/tex/latex/preprint/fullpage.sty
Package: fullpage 1999/02/23 1.1 (PWD)
\FP@margin=\skip65
)
(/usr/share/texmf-texlive/tex/latex/listings/listings.sty
\lst@mode=\count113
\lst@gtempboxa=\box31
\lst@token=\toks32
\lst@length=\count114
\lst@currlwidth=\dimen128
\lst@column=\count115
\lst@pos=\count116
\lst@lostspace=\dimen129
\lst@width=\dimen130
\lst@newlines=\count117
\lst@lineno=\count118
\lst@maxwidth=\dimen131

(/usr/share/texmf-texlive/tex/latex/listings/lstmisc.sty
File: lstmisc.sty 2007/02/22 1.4 (Carsten Heinz)
\c@lstnumber=\count119
\lst@skipnumbers=\count120
\lst@framebox=\box32
)
(/usr/share/texmf-texlive/tex/latex/listings/listings.cfg
File: listings.cfg 2007/02/22 1.4 listings configuration
))
Package: listings 2007/02/22 1.4 (Carsten Heinz)

(/usr/share/texmf/tex/latex/xcolor/xcolor.sty
Package: xcolor 2007/01/21 v2.11 LaTeX color extensions (UK)

(/etc/texmf/tex/latex/config/color.cfg
File: color.cfg 2007/01/18 v1.5 color configuration of teTeX/TeXLive
)
Package xcolor Info: Package option `usenames' ignored on input line 216.
Package xcolor Info: Driver file: pdftex.def on input line 225.
Package xcolor Info: Model `cmy' substituted by `cmy0' on input line 1337.
Package xcolor Info: Model `hsb' substituted by `rgb' on input line 1341.
Package xcolor Info: Model `RGB' extended on input line 1353.
Package xcolor Info: Model `HTML' substituted by `rgb' on input line 1355.
Package xcolor Info: Model `Hsb' substituted by `hsb' on input line 1356.
Package xcolor Info: Model `tHsb' substituted by `hsb' on input line 1357.
Package xcolor Info: Model `HSB' substituted by `hsb' on input line 1358.
Package xcolor Info: Model `Gray' substituted by `gray' on input line 1359.
Package xcolor Info: Model `wave' substituted by `hsb' on input line 1360.

(/usr/share/texmf-texlive/tex/latex/graphics/dvipsnam.def
File: dvipsnam.def 1999/02/16 v3.0i Driver-dependant file (DPC,SPQR)
))
(/usr/share/texmf-texlive/tex/latex/subfig/subfig.sty
Package: subfig 2005/06/28 ver: 1.3 subfig package
\c@KVtest=\count121
\sf@farskip=\skip66
\sf@captopadj=\dimen132
\sf@capskip=\skip67
\sf@nearskip=\skip68
\c@subfigure=\count122
\c@subfigure@save=\count123
\c@lofdepth=\count124
\c@subtable=\count125
\c@subtable@save=\count126
\c@lotdepth=\count127
\sf@top=\skip69
\sf@bottom=\skip70
)
(/usr/share/texmf-texlive/tex/latex/hyperref/hyperref.sty
Package: hyperref 2009/10/09 v6.79a Hypertext links for LaTeX

(/usr/share/texmf-texlive/tex/generic/ifxetex/ifxetex.sty
Package: ifxetex 2009/01/23 v0.5 Provides ifxetex conditional
)
(/usr/share/texmf-texlive/tex/latex/oberdiek/hycolor.sty
Package: hycolor 2009/10/02 v1.5 Code for color options of hyperref/bookmark (H
O)

(/usr/share/texmf-texlive/tex/latex/oberdiek/xcolor-patch.sty
Package: xcolor-patch 2009/10/02 xcolor patch
))
\@linkdim=\dimen133
\Hy@linkcounter=\count128
\Hy@pagecounter=\count129

(/usr/share/texmf-texlive/tex/latex/hyperref/pd1enc.def
File: pd1enc.def 2009/10/09 v6.79a Hyperref: PDFDocEncoding definition (HO)
)
(/usr/share/texmf-texlive/tex/generic/oberdiek/etexcmds.sty
Package: etexcmds 2007/12/12 v1.2 Prefix for e-TeX command names (HO)

(/usr/share/texmf-texlive/tex/generic/oberdiek/infwarerr.sty
Package: infwarerr 2007/09/09 v1.2 Providing info/warning/message (HO)
)
Package etexcmds Info: Could not find \expanded.
(etexcmds)             That can mean that you are not using pdfTeX 1.50 or
(etexcmds)             that some package has redefined \expanded.
(etexcmds)             In the latter case, load this package earlier.
)
(/usr/share/texmf-texlive/tex/latex/latexconfig/hyperref.cfg
File: hyperref.cfg 2002/06/06 v1.2 hyperref configuration of TeXLive
)
(/usr/share/texmf-texlive/tex/latex/oberdiek/kvoptions.sty
Package: kvoptions 2009/08/13 v3.4 Keyval support for LaTeX options (HO)

(/usr/share/texmf-texlive/tex/generic/oberdiek/kvsetkeys.sty
Package: kvsetkeys 2009/07/30 v1.5 Key value parser with default handler suppor
t (HO)
))
Package hyperref Info: Option `colorlinks' set `true' on input line 2864.
Package hyperref Info: Hyper figures OFF on input line 2975.
Package hyperref Info: Link nesting OFF on input line 2980.
Package hyperref Info: Hyper index ON on input line 2983.
Package hyperref Info: Plain pages OFF on input line 2990.
Package hyperref Info: Backreferencing OFF on input line 2995.

Implicit mode ON; LaTeX internals redefined
Package hyperref Info: Bookmarks ON on input line 3191.
(/usr/share/texmf-texlive/tex/latex/ltxmisc/url.sty
\Urlmuskip=\muskip11
Package: url 2006/04/12  ver 3.3  Verb mode for urls, etc.
)
LaTeX Info: Redefining \url on input line 3428.

(/usr/share/texmf-texlive/tex/generic/oberdiek/bitset.sty
Package: bitset 2007/09/28 v1.0 Data type bit set (HO)

(/usr/share/texmf-texlive/tex/generic/oberdiek/intcalc.sty
Package: intcalc 2007/09/27 v1.1 Expandable integer calculations (HO)
)
(/usr/share/texmf-texlive/tex/generic/oberdiek/bigintcalc.sty
Package: bigintcalc 2007/11/11 v1.1 Expandable big integer calculations (HO)

(/usr/share/texmf-texlive/tex/generic/oberdiek/pdftexcmds.sty
Package: pdftexcmds 2009/09/23 v0.6 LuaTeX support for pdfTeX utility functions
 (HO)

(/usr/share/texmf-texlive/tex/generic/oberdiek/ifluatex.sty
Package: ifluatex 2009/04/17 v1.2 Provides the ifluatex switch (HO)
Package ifluatex Info: LuaTeX not detected.
)
(/usr/share/texmf-texlive/tex/generic/oberdiek/ltxcmds.sty
Package: ltxcmds 2009/08/05 v1.0 Some LaTeX kernel commands for general use (HO
)
)
Package pdftexcmds Info: LuaTeX not detected.
Package pdftexcmds Info: \pdf@primitive is available.
Package pdftexcmds Info: \pdf@ifprimitive is available.
)))
\Fld@menulength=\count130
\Field@Width=\dimen134
\Fld@charsize=\dimen135
\Field@toks=\toks33
Package hyperref Info: Hyper figures OFF on input line 4377.
Package hyperref Info: Link nesting OFF on input line 4382.
Package hyperref Info: Hyper index ON on input line 4385.
Package hyperref Info: backreferencing OFF on input line 4392.
Package hyperref Info: Link coloring ON on input line 4395.
Package hyperref Info: Link coloring with OCG OFF on input line 4402.
Package hyperref Info: PDF/A mode OFF on input line 4407.

(/usr/share/texmf-texlive/tex/generic/oberdiek/atbegshi.sty
Package: atbegshi 2008/07/31 v1.9 At begin shipout hook (HO)
)
\Hy@abspage=\count131
\c@Item=\count132
\c@Hfootnote=\count133
)
*hyperref using default driver hpdftex*
(/usr/share/texmf-texlive/tex/latex/hyperref/hpdftex.def
File: hpdftex.def 2009/10/09 v6.79a Hyperref driver for pdfTeX
\Fld@listcount=\count134
)
(/usr/share/texmf-texlive/tex/latex/oberdiek/hypcap.sty
Package: hypcap 2008/09/08 v1.10 Adjusting anchors of captions (HO)
) (./complexity.sty
Package: complexity 11/24/06  v0.77

  +----------------------------------------------+
    complexity LaTeX package 
    version: 
    author: Chris Bourke (cbourke@cse.unl.edu) 
  +----------------------------------------------+
(/usr/share/texmf-texlive/tex/latex/base/ifthen.sty
Package: ifthen 2001/05/26 v1.1c Standard LaTeX ifthen package (DPC)
)
(/usr/share/texmf-texlive/tex/latex/complexity/mycomplexity.sty)) (./algo.sty
Package: algo 1996/02/12 v1.2 LaTeX2e package for pseudo code

Package: `algo' v1.2 for pseudo code
(/usr/share/texmf-texlive/tex/latex/tools/xspace.sty
Package: xspace 2006/05/08 v1.12 Space after command names (DPC,MH)
)
\a@movein=\skip71
\a@curwidth=\skip72
\c@a@line=\count135
\c@algorithm=\count136
)
\c@thm=\count137
\c@problem=\count138
\c@corr=\count139
\c@lma=\count140
\c@case=\count141
\c@rmrk=\count142
\c@prp=\count143
\c@dfn=\count144
\c@qn=\count145
\c@att=\count146
\c@ex=\count147
\c@flaw=\count148

(/usr/share/texmf-texlive/tex/latex/tools/bm.sty
Package: bm 2004/02/26 v1.1c Bold Symbol Support (DPC/FMi)
\symboldoperators=\mathgroup6
\symboldletters=\mathgroup7
\symboldsymbols=\mathgroup8
LaTeX Font Info:    Redeclaring math alphabet \mathbf on input line 138.
LaTeX Info: Redefining \bm on input line 204.
) (./thesis.aux)
\openout1 = `thesis.aux'.

LaTeX Font Info:    Checking defaults for OML/cmm/m/it on input line 65.
LaTeX Font Info:    ... okay on input line 65.
LaTeX Font Info:    Checking defaults for T1/cmr/m/n on input line 65.
LaTeX Font Info:    ... okay on input line 65.
LaTeX Font Info:    Checking defaults for OT1/cmr/m/n on input line 65.
LaTeX Font Info:    ... okay on input line 65.
LaTeX Font Info:    Checking defaults for OMS/cmsy/m/n on input line 65.
LaTeX Font Info:    ... okay on input line 65.
LaTeX Font Info:    Checking defaults for OMX/cmex/m/n on input line 65.
LaTeX Font Info:    ... okay on input line 65.
LaTeX Font Info:    Checking defaults for U/cmr/m/n on input line 65.
LaTeX Font Info:    ... okay on input line 65.
LaTeX Font Info:    Checking defaults for PD1/pdf/m/n on input line 65.
LaTeX Font Info:    ... okay on input line 65.
LaTeX Font Info:    Try loading font information for OT1+ptm on input line 65.

(/usr/share/texmf-texlive/tex/latex/psnfss/ot1ptm.fd
File: ot1ptm.fd 2001/06/04 font definitions for OT1/ptm.
)
*geometry auto-detecting driver*
*geometry detected driver: pdftex*
-------------------- Geometry parameters
paper: a4paper
landscape: --
twocolumn: --
twoside: --
asymmetric: --
h-parts: 93.95122pt, 431.28667pt, 72.26999pt
v-parts: 93.95122pt, 678.82564pt, 72.26999pt
hmarginratio: --
vmarginratio: --
lines: --
heightrounded: --
bindingoffset: 0.0pt
truedimen: --
includehead: --
includefoot: --
includemp: --
driver: pdftex
-------------------- Page layout dimensions and switches
\paperwidth  597.50787pt
\paperheight 845.04684pt
\textwidth  452.9679pt
\textheight 670.50687pt
\oddsidemargin  0.0pt
\evensidemargin 0.0pt
\topmargin  0.0pt
\headheight 0.0pt
\headsep    0.0pt
\footskip   30.0pt
\marginparwidth 50.0pt
\marginparsep   10.0pt
\columnsep  10.0pt
\skip\footins  10.0pt plus 4.0pt minus 2.0pt
\hoffset 0.0pt
\voffset 0.0pt
\mag 1000

(1in=72.27pt, 1cm=28.45pt)
-----------------------
Package caption Info: Begin \AtBeginDocument code.
Package caption3 Info: subfig package 1.2 or 1.3 is loaded.
LaTeX Info: Redefining \subref on input line 65.
Package caption Info: float package is loaded.
Package caption Info: floatrow package is loaded.
Package caption Info: hyperref package is loaded.
Package caption Info: hypcap package is loaded.
Package caption Info: listings package is loaded.
Package caption Info: End \AtBeginDocument code.
(/usr/share/texmf-texlive/tex/context/base/supp-pdf.mkii
[Loading MPS to PDF converter (version 2006.09.02).]
\scratchcounter=\count149
\scratchdimen=\dimen136
\scratchbox=\box33
\nofMPsegments=\count150
\nofMParguments=\count151
\everyMPshowfont=\toks34
\MPscratchCnt=\count152
\MPscratchDim=\dimen137
\MPnumerator=\count153
\everyMPtoPDFconversion=\toks35
) (/usr/share/texmf-texlive/tex/latex/floatrow/fr-subfig.sty
Package: fr-subfig 2007/12/24 v0.1g (beta) floatrow: additions for subfig
\FBsc@max=\skip73
\FBso@max=\skip74
)
\c@lstlisting=\count154
Package hyperref Info: Link coloring ON on input line 65.

(/usr/share/texmf-texlive/tex/latex/hyperref/nameref.sty
Package: nameref 2007/05/29 v2.31 Cross-referencing by name of section

(/usr/share/texmf-texlive/tex/latex/oberdiek/refcount.sty
Package: refcount 2008/08/11 v3.1 Data extraction from references (HO)
)
\c@section@level=\count155
)
LaTeX Info: Redefining \ref on input line 65.
LaTeX Info: Redefining \pageref on input line 65.
 (./thesis.out)
(./thesis.out)
\@outlinefile=\write3
\openout3 = `thesis.out'.

\AtBeginShipoutBox=\box34
LaTeX Font Info:    Font shape `OT1/ptm/bx/n' in size <14.4> not available
(Font)              Font shape `OT1/ptm/b/n' tried instead on input line 81.
LaTeX Font Info:    Font shape `OT1/ptm/bx/n' in size <10.95> not available
(Font)              Font shape `OT1/ptm/b/n' tried instead on input line 81.
LaTeX Font Info:    Font shape `OT1/ptm/bx/n' in size <12> not available
(Font)              Font shape `OT1/ptm/b/n' tried instead on input line 81.
 <iitm.pdf, id=243, 333.245pt x 333.245pt>
File: iitm.pdf Graphic file (type pdf)
 <use iitm.pdf>
[0

{/var/lib/texmf/fonts/map/pdftex/updmap/pdftex.map} <./iitm.pdf>]
Certificate

Overfull \hbox (1.02368pt too wide) in paragraph at lines 89--96
\OT1/ptm/m/n/10.95 This is to cer-tify that the the-sis en-ti-tled \OT1/ptm/b/n
/10.95 Es-ti-ma-tion of Higher Or-der Elas-tic Con-stants Us-ing Collinear
 []


Underfull \hbox (badness 10000) in paragraph at lines 101--106

 []

LaTeX Font Info:    Try loading font information for U+msa on input line 107.
(/usr/share/texmf-texlive/tex/latex/amsfonts/umsa.fd
File: umsa.fd 2009/06/22 v3.00 AMS symbols A
)
LaTeX Font Info:    Try loading font information for U+msb on input line 107.

(/usr/share/texmf-texlive/tex/latex/amsfonts/umsb.fd
File: umsb.fd 2009/06/22 v3.00 AMS symbols B
)
Underfull \hbox (badness 10000) in paragraph at lines 110--115

 []


Overfull \hbox (3.09352pt too wide) in paragraph at lines 98--120
[]|  $[]$ $[]$
 []

pdfTeX warning (ext4): destination with the same identifier (name{page.}) has b
een already used, duplicate ignored
<to be read again> 
                   \relax 
l.122 \acknowledgements
                        [0

] (./acknowledgements.tex)
Underfull \hbox (badness 10000) in paragraph at lines 1--126

 []


Underfull \hbox (badness 10000) in paragraph at lines 1--126

 []


Underfull \hbox (badness 10000) in paragraph at lines 1--126

 []


Underfull \hbox (badness 10000) in paragraph at lines 1--126

 []


Underfull \hbox (badness 10000) in paragraph at lines 1--126

 []


Underfull \hbox (badness 10000) in paragraph at lines 1--126

 []


Underfull \hbox (badness 10000) in paragraph at lines 1--126

 []

[1

] (./abstract.tex) [2

] (./thesis.toc [3

] [4])
\tf@toc=\write4
\openout4 = `thesis.toc'.

 [5] (./thesis.lot)
\tf@lot=\write5
\openout5 = `thesis.lot'.

 [6

]
(./thesis.lof [7

])
\tf@lof=\write6
\openout6 = `thesis.lof'.

 [8]
CHAPTER 1.
(./introduction.tex
<images/chapter_1/stressstrain.png, id=432, 582.67688pt x 362.85562pt>
File: images/chapter_1/stressstrain.png Graphic file (type png)

<use images/chapter_1/stressstrain.png> [1

 <./images/chapter_1/stressstrain.png (PNG copy)>] [2]) [3]
CHAPTER 2.
(./litreview.tex
<images/chapter_2/directions_noncollinear.png, id=458, 495.8525pt x 259.97125pt
>
File: images/chapter_2/directions_noncollinear.png Graphic file (type png)
 <use images/chapter_2/directions_noncollinear.png>
<images/chapter_2/interaction.png, id=461, 843.15pt x 574.145pt>
File: images/chapter_2/interaction.png Graphic file (type png)

<use images/chapter_2/interaction.png> [4

] [5 <./images/chapter_2/directions_noncollinear.png (PNG copy)> <./images/chap
ter_2/interaction.png (PNG copy)>]
<images/chapter_2/mthodology_generic.png, id=474, 301.95pt x 311.85pt>
File: images/chapter_2/mthodology_generic.png Graphic file (type png)

<use images/chapter_2/mthodology_generic.png>) [6 <./images/chapter_2/mthodolog
y_generic.png (PNG copy)>]
CHAPTER 3.
(./simulation.tex [7

]
<images/chapter_3/schematic_GE.png, id=496, 1180.41pt x 248.93pt>
File: images/chapter_3/schematic_GE.png Graphic file (type png)

<use images/chapter_3/schematic_GE.png>
Overfull \hbox (19.18774pt too wide) in paragraph at lines 66--67
 [] 
 []

<images/chapter_3/schematic_liu.jpg, id=498, 934.49126pt x 510.90875pt>
File: images/chapter_3/schematic_liu.jpg Graphic file (type jpg)

<use images/chapter_3/schematic_liu.jpg> [8] [9 <./images/chapter_3/schematic_G
E.png> <./images/chapter_3/schematic_liu.jpg>] [10]
<images/chapter_3/wave_1.png, id=531, 586.8324pt x 442.2924pt>
File: images/chapter_3/wave_1.png Graphic file (type png)

<use images/chapter_3/wave_1.png>
<images/chapter_3/wave_2.png, id=532, 586.8324pt x 442.2924pt>
File: images/chapter_3/wave_2.png Graphic file (type png)

<use images/chapter_3/wave_2.png> [11]
<images/chapter_3/simulation_picture_long.png, id=544, 586.8324pt x 442.2924pt>
File: images/chapter_3/simulation_picture_long.png Graphic file (type png)
<use images/chapter_3/simulation_picture_long.png> [12 <./images/chapter_3/wave
_1.png>]
<images/chapter_3/simulation_picture_transverse.png, id=550, 586.8324pt x 442.2
924pt>
File: images/chapter_3/simulation_picture_transverse.png Graphic file (type png
)
 <use images/chapter_3/simulation_picture_transverse.png>
<images/chapter_3/wave_trans.png, id=551, 586.8324pt x 442.2924pt>
File: images/chapter_3/wave_trans.png Graphic file (type png)

<use images/chapter_3/wave_trans.png> [13 <./images/chapter_3/wave_2.png> <./im
ages/chapter_3/simulation_picture_long.png>] [14 <./images/chapter_3/simulation
_picture_transverse.png> <./images/chapter_3/wave_trans.png>]
<images/chapter_3/final_longitudinal.png, id=565, 586.8324pt x 442.2924pt>
File: images/chapter_3/final_longitudinal.png Graphic file (type png)

<use images/chapter_3/final_longitudinal.png>
<images/chapter_3/final_transverse.png, id=566, 586.8324pt x 442.2924pt>
File: images/chapter_3/final_transverse.png Graphic file (type png)

<use images/chapter_3/final_transverse.png>
<images/chapter_3/final_transervse_zoom.png, id=567, 586.8324pt x 442.2924pt>
File: images/chapter_3/final_transervse_zoom.png Graphic file (type png)

<use images/chapter_3/final_transervse_zoom.png>
<images/chapter_3/finaLfft_zzom.jpg, id=568, 563.10374pt x 421.575pt>
File: images/chapter_3/finaLfft_zzom.jpg Graphic file (type jpg)

<use images/chapter_3/finaLfft_zzom.jpg>
<images/chapter_3/validation.png, id=569, 794.97pt x 331.2375pt>
File: images/chapter_3/validation.png Graphic file (type png)

<use images/chapter_3/validation.png>
<images/chapter_3/validation_2.png, id=572, 782.925pt x 301.125pt>
File: images/chapter_3/validation_2.png Graphic file (type png)

<use images/chapter_3/validation_2.png>) [15 <./images/chapter_3/final_longitud
inal.png>] [16 <./images/chapter_3/final_transverse.png> <./images/chapter_3/fi
nal_transervse_zoom.png>] [17 <./images/chapter_3/finaLfft_zzom.jpg> <./images/
chapter_3/validation.png (PNG copy)> <./images/chapter_3/validation_2.png (PNG 
copy)>]
CHAPTER 4.
(./sensitivity.tex [18

] [19] [20]
<images/chapter_4/finaLfft_nozzom.jpg, id=607, 563.10374pt x 421.575pt>
File: images/chapter_4/finaLfft_nozzom.jpg Graphic file (type jpg)

<use images/chapter_4/finaLfft_nozzom.jpg>
<images/chapter_4/lvsamp.png, id=608, 503.8825pt x 257.96375pt>
File: images/chapter_4/lvsamp.png Graphic file (type png)

<use images/chapter_4/lvsamp.png>
<images/chapter_4/mvsamp.png, id=609, 477.785pt x 283.0575pt>
File: images/chapter_4/mvsamp.png Graphic file (type png)

<use images/chapter_4/mvsamp.png> [21 <./images/chapter_4/finaLfft_nozzom.jpg>]
[22 <./images/chapter_4/lvsamp.png> <./images/chapter_4/mvsamp.png>]) [23]
CHAPTER 5.
(./inverse.tex
<images/chapter_5/forward/linear.jpg, id=625, 1607.00375pt x 792.9625pt>
File: images/chapter_5/forward/linear.jpg Graphic file (type jpg)

<use images/chapter_5/forward/linear.jpg>
<images/chapter_5/forward/linear_nonoise.jpg, id=626, 1607.00375pt x 792.9625pt
>
File: images/chapter_5/forward/linear_nonoise.jpg Graphic file (type jpg)
 <use images/chapter_5/forward/linear_nonoise.jpg>
<images/chapter_5/forward/regression.png, id=627, 599.99156pt x 346.29375pt>
File: images/chapter_5/forward/regression.png Graphic file (type png)

<use images/chapter_5/forward/regression.png> [24

] [25 <./images/chapter_5/forward/linear.jpg> <./images/chapter_5/forward/linea
r_nonoise.jpg>]
<images/chapter_5/forward/forward_snr_2.png, id=638, 819.8128pt x 347.04657pt>
File: images/chapter_5/forward/forward_snr_2.png Graphic file (type png)

<use images/chapter_5/forward/forward_snr_2.png>
<images/chapter_5/forward/error_snr_2.png, id=639, 819.8128pt x 347.04657pt>
File: images/chapter_5/forward/error_snr_2.png Graphic file (type png)

<use images/chapter_5/forward/error_snr_2.png>
<images/chapter_5/forward/forward_snr_8.png, id=640, 913.16156pt x 368.87813pt>
File: images/chapter_5/forward/forward_snr_8.png Graphic file (type png)
<use images/chapter_5/forward/forward_snr_8.png>
Overfull \hbox (3.61177pt too wide) in paragraph at lines 62--63
 [] 
 []

<images/chapter_5/forward/error_snr_8.png, id=641, 913.16156pt x 368.87813pt>
File: images/chapter_5/forward/error_snr_8.png Graphic file (type png)

<use images/chapter_5/forward/error_snr_8.png>
Overfull \hbox (3.61177pt too wide) in paragraph at lines 70--71
 [] 
 []


<images/chapter_5/forward/forward_snr_12.png, id=642, 869.49844pt x 377.91188pt
>
File: images/chapter_5/forward/forward_snr_12.png Graphic file (type png)
 <use images/chapter_5/forward/forward_snr_12.png>
<images/chapter_5/forward/error_snr_12.png, id=643, 869.49844pt x 377.91188pt>
File: images/chapter_5/forward/error_snr_12.png Graphic file (type png)

<use images/chapter_5/forward/error_snr_12.png> [26 <./images/chapter_5/forward
/regression.png (PNG copy)> <./images/chapter_5/forward/forward_snr_2.png>]
[27 <./images/chapter_5/forward/error_snr_2.png> <./images/chapter_5/forward/fo
rward_snr_8.png> <./images/chapter_5/forward/error_snr_8.png>] [28 <./images/ch
apter_5/forward/forward_snr_12.png> <./images/chapter_5/forward/error_snr_12.pn
g>] [29]
Missing character: There is no â in font ptmr7t!
Missing character: There is no € in font ptmr7t!
Missing character: There is no “ in font ptmr7t!
 [30]
<images/chapter_5/inverse/pred_snr_2.png, id=688, 983.92593pt x 399.74344pt>
File: images/chapter_5/inverse/pred_snr_2.png Graphic file (type png)

<use images/chapter_5/inverse/pred_snr_2.png>
Overfull \hbox (38.99387pt too wide) in paragraph at lines 163--164
 [] 
 []


<images/chapter_5/inverse/error_snr_2.png, id=689, 1032.85875pt x 399.74344pt>
File: images/chapter_5/inverse/error_snr_2.png Graphic file (type png)

<use images/chapter_5/inverse/error_snr_2.png>
Overfull \hbox (63.46022pt too wide) in paragraph at lines 171--172
 [] 
 []

<images/chapter_5/inverse/pred_snr_8.png, id=690, 750.55406pt x 353.06906pt>
File: images/chapter_5/inverse/pred_snr_8.png Graphic file (type png)

<use images/chapter_5/inverse/pred_snr_8.png>
<images/chapter_5/inverse/error_snr_8.png, id=691, 750.55406pt x 353.06906pt>
File: images/chapter_5/inverse/error_snr_8.png Graphic file (type png)

<use images/chapter_5/inverse/error_snr_8.png>
<images/chapter_5/inverse/pred_snr_12.png, id=692, 857.45343pt x 361.35pt>
File: images/chapter_5/inverse/pred_snr_12.png Graphic file (type png)

<use images/chapter_5/inverse/pred_snr_12.png>
<images/chapter_5/inverse/error_snr_12.png, id=693, 857.45343pt x 361.35pt>
File: images/chapter_5/inverse/error_snr_12.png Graphic file (type png)

<use images/chapter_5/inverse/error_snr_12.png>) [31 <./images/chapter_5/invers
e/pred_snr_2.png>] [32 <./images/chapter_5/inverse/error_snr_2.png> <./images/c
hapter_5/inverse/pred_snr_8.png>] [33 <./images/chapter_5/inverse/error_snr_8.p
ng> <./images/chapter_5/inverse/pred_snr_12.png> <./images/chapter_5/inverse/er
ror_snr_12.png>] [34]
CHAPTER 6.
(./final.tex [35

]) [36]
APPENDIX A.
(./appendix.tex) (/usr/share/texmf-texlive/tex/latex/listings/lstlang1.sty
File: lstlang1.sty 2004/09/05 1.3 listings language file
)
(../solver.py
LaTeX Font Info:    Try loading font information for OMS+ptm on input line 7.
 (/usr/share/texmf-texlive/tex/latex/psnfss/omsptm.fd
File: omsptm.fd 
)
LaTeX Font Info:    Font shape `OMS/ptm/m/n' in size <10.95> not available
(Font)              Font shape `OMS/cmsy/m/n' tried instead on input line 7.
 [37

]
[38]
LaTeX Font Info:    Font shape `OMS/ptm/m/it' in size <10.95> not available
(Font)              Font shape `OMS/cmsy/m/n' tried instead on input line 55.
 [39] [40] [41]
LaTeX Font Info:    Try loading font information for OML+ptm on input line 135.

 (/usr/share/texmf-texlive/tex/latex/psnfss/omlptm.fd
File: omlptm.fd 
)
LaTeX Font Info:    Font shape `OML/ptm/m/n' in size <10.95> not available
(Font)              Font shape `OML/cmm/m/it' tried instead on input line 135.

[42] [43] [44]) [45] (../formulation.py
Overfull \hbox (32.5325pt too wide) in paragraph at lines 12--13
[][][] 
 []


Overfull \hbox (39.10255pt too wide) in paragraph at lines 14--16
[][][] 
 []

[46] [47] [48] [49] [50]) [51] (../data.py [52] [53] [54]) (../constants.py)
[55] (../framework.py [56]) [57] (../sensitivity_analysis.py [58]) [59]
(../GMM_regression.py [60]) [61] (../defaults.py) [62]
APPENDIX B.
[63

] (./bibliography.bib
Missing character: There is no â in font ptmr7t!
Missing character: There is no € in font ptmr7t!
Missing character: There is no ™ in font ptmr7t!
Missing character: There is no â in font ptmri7t!
Missing character: There is no € in font ptmri7t!
Missing character: There is no ™ in font ptmri7t!
Missing character: There is no â in font ptmr7t!
Missing character: There is no € in font ptmr7t!
Missing character: There is no “ in font ptmr7t!
Missing character: There is no Â in font ptmr7t!
Missing character: There is no © in font ptmr7t!
 [64

]) [65] (./thesis.aux) ) 
Here is how much of TeX's memory you used:
 11519 strings out of 494647
 163848 string characters out of 1173989
 470177 words of memory out of 3000000
 13591 multiletter control sequences out of 15000+50000
 23955 words of font info for 59 fonts, out of 3000000 for 9000
 297 hyphenation exceptions out of 8191
 43i,10n,46p,1173b,1732s stack positions out of 5000i,500n,10000p,200000b,50000s
{/usr/share/texmf-texlive/fonts/enc/dvips/base/8r.enc}<
/usr/share/texmf-texlive/fonts/type1/public/amsfonts/cm/cmex10.pfb></usr/share/
texmf-texlive/fonts/type1/public/amsfonts/cm/cmmi10.pfb></usr/share/texmf-texli
ve/fonts/type1/public/amsfonts/cm/cmmi8.pfb></usr/share/texmf-texlive/fonts/typ
e1/public/amsfonts/cm/cmr10.pfb></usr/share/texmf-texlive/fonts/type1/public/am
sfonts/cm/cmr6.pfb></usr/share/texmf-texlive/fonts/type1/public/amsfonts/cm/cmr
8.pfb></usr/share/texmf-texlive/fonts/type1/public/amsfonts/cm/cmsy10.pfb></usr
/share/texmf-texlive/fonts/type1/public/amsfonts/cm/cmsy8.pfb></usr/share/texmf
-texlive/fonts/type1/urw/times/utmb8a.pfb></usr/share/texmf-texlive/fonts/type1
/urw/times/utmr8a.pfb></usr/share/texmf-texlive/fonts/type1/urw/times/utmri8a.p
fb>
Output written on thesis.pdf (75 pages, 1314820 bytes).
PDF statistics:
 1675 PDF objects out of 1728 (max. 8388607)
 847 named destinations out of 1000 (max. 500000)
 661 words of extra memory for PDF output out of 10000 (max. 10000000)

